<?xml version="1.0" encoding="UTF-8"?>
<testsuite name="br.edu.ufabc.lexicon.processors.FeedbackProcessorTest" tests="1" skipped="0" failures="0" errors="0" timestamp="2020-04-05T03:09:19" hostname="MacBook-Pro-de-Francis.local" time="1.256">
  <properties/>
  <testcase name="testOutput" classname="br.edu.ufabc.lexicon.processors.FeedbackProcessorTest" time="1.256"/>
  <system-out><![CDATA[]]></system-out>
  <system-err><![CDATA[SLF4J: Failed to load class "org.slf4j.impl.StaticLoggerBinder".
SLF4J: Defaulting to no-operation (NOP) logger implementation
SLF4J: See http://www.slf4j.org/codes.html#StaticLoggerBinder for further details.
]]></system-err>
</testsuite>
