<?xml version="1.0" encoding="UTF-8"?>
<testsuite name="br.edu.ufabc.lexicon.business.SentimentDictionaryTest" tests="1" skipped="0" failures="0" errors="0" timestamp="2020-04-05T05:37:03" hostname="MacBook-Pro-de-Francis.local" time="0.052">
  <properties/>
  <testcase name="testData" classname="br.edu.ufabc.lexicon.business.SentimentDictionaryTest" time="0.052"/>
  <system-out><![CDATA[]]></system-out>
  <system-err><![CDATA[]]></system-err>
</testsuite>
